Importer Log Report
Document: C:\Users\Joss\Documents\RP2040_WildEDS\Hardware\KiCad\RP2040_WEDS.kicad_pcb
    Section : Analyze Document from - C:\Users\Joss\Documents\RP2040_WildEDS\Hardware\KiCad\RP2040_WEDS.kicad_pcb
        Warning: Pad name is empty, autogenerated name 'Un1' assigned to pad pad.
    EndSection
    Section : Import Document - C:\Users\Joss\Documents\RP2040_WildEDS\Hardware\KiCad\Imported RP2040_WEDS\RP2040_WEDS.PcbDoc
        Section : Component G*** importing.
        EndSection
        Section : Component LORA_RX importing.
        EndSection
        Section : Component LORA_TX importing.
        EndSection
        Section : Component SOIL SIG importing.
        EndSection
        Section : Component VDD importing.
        EndSection
        Section : Component 3V3 importing.
        EndSection
        Section : Component BATT importing.
        EndSection
        Section : Component VDC importing.
        EndSection
        Section : Component R1 importing.
        EndSection
        Section : Component C1 importing.
        EndSection
        Section : Component U4 importing.
        EndSection
        Section : Component U1 importing.
        EndSection
        Section : Component U3 importing.
        EndSection
        Section : Component C5 importing.
        EndSection
        Section : Component C8 importing.
        EndSection
        Section : Component C20 importing.
        EndSection
        Section : Component Y1 importing.
        EndSection
        Section : Component Q2 importing.
        EndSection
        Section : Component JP1 importing.
            Warning: Custom pad '2' shape 'anchor rect' translated to 'eRectangular'
            Warning: Custom pad '1' shape 'anchor rect' translated to 'eRectangular'
        EndSection
        Section : Component C9 importing.
        EndSection
        Section : Component J6 importing.
        EndSection
        Section : Component U7 importing.
        EndSection
        Section : Component U6 importing.
        EndSection
        Section : Component U5 importing.
        EndSection
        Section : Component U2 importing.
        EndSection
        Section : Component LORA importing.
        EndSection
        Section : Component NANO TMR importing.
        EndSection
        Section : Component RESET importing.
        EndSection
        Section : Component R14 importing.
        EndSection
        Section : Component R13 importing.
        EndSection
        Section : Component R12 importing.
        EndSection
        Section : Component R11 importing.
        EndSection
        Section : Component R10 importing.
        EndSection
        Section : Component R9 importing.
        EndSection
        Section : Component R8 importing.
        EndSection
        Section : Component R7 importing.
        EndSection
        Section : Component R6 importing.
        EndSection
        Section : Component R5 importing.
        EndSection
        Section : Component R4 importing.
        EndSection
        Section : Component R3 importing.
        EndSection
        Section : Component R2 importing.
        EndSection
        Section : Component Q1 importing.
        EndSection
        Section : Component L1 importing.
        EndSection
        Section : Component J5 importing.
        EndSection
        Section : Component I2C importing.
        EndSection
        Section : Component J3 importing.
        EndSection
        Section : Component ANALOG importing.
        EndSection
        Section : Component J1 importing.
        EndSection
        Section : Component D3 importing.
        EndSection
        Section : Component D2 importing.
        EndSection
        Section : Component D1 importing.
        EndSection
        Section : Component C23 importing.
        EndSection
        Section : Component C22 importing.
        EndSection
        Section : Component C21 importing.
        EndSection
        Section : Component C19 importing.
        EndSection
        Section : Component C18 importing.
        EndSection
        Section : Component C17 importing.
        EndSection
        Section : Component C16 importing.
        EndSection
        Section : Component C15 importing.
        EndSection
        Section : Component C14 importing.
        EndSection
        Section : Component C13 importing.
        EndSection
        Section : Component C12 importing.
        EndSection
        Section : Component C11 importing.
        EndSection
        Section : Component C10 importing.
        EndSection
        Section : Component C7 importing.
        EndSection
        Section : Component C6 importing.
        EndSection
        Section : Component C4 importing.
        EndSection
        Section : Component C3 importing.
        EndSection
        Section : Component C2 importing.
        EndSection
    EndSection
