Importer Log Report
Document: C:\Users\Joss\Documents\RP2040_WildEDS\Hardware\KiCad\RP2040_WEDS-backups\RP2040_WEDS-2022-02-14_145055\RP2040_WEDS.kicad_pcb
    Section : Analyze Document from - C:\Users\Joss\Documents\RP2040_WildEDS\Hardware\KiCad\RP2040_WEDS-backups\RP2040_WEDS-2022-02-14_145055\RP2040_WEDS.kicad_pcb
        Warning: Unknown child 'generator' of 'kicad_pcb'.
        Warning: Unknown child 'paper' of 'kicad_pcb'.
        Warning: Unknown child stackup of setup.
        Warning: Unknown child 'footprint' of 'kicad_pcb'.
        Warning: Unknown child 'footprint' of 'kicad_pcb'.
        Warning: Unknown child 'footprint' of 'kicad_pcb'.
        Warning: Unknown child 'footprint' of 'kicad_pcb'.
        Warning: Unknown child 'footprint' of 'kicad_pcb'.
        Warning: Unknown child 'footprint' of 'kicad_pcb'.
        Warning: Unknown child 'footprint' of 'kicad_pcb'.
        Warning: Unknown child 'footprint' of 'kicad_pcb'.
        Warning: Unknown child 'footprint' of 'kicad_pcb'.
        Warning: Unknown child 'footprint' of 'kicad_pcb'.
        Warning: Unknown child 'footprint' of 'kicad_pcb'.
        Warning: Unknown child 'footprint' of 'kicad_pcb'.
        Warning: Unknown child 'footprint' of 'kicad_pcb'.
        Warning: Unknown child 'footprint' of 'kicad_pcb'.
        Warning: Unknown child 'footprint' of 'kicad_pcb'.
        Warning: Unknown child 'footprint' of 'kicad_pcb'.
        Warning: Unknown child 'footprint' of 'kicad_pcb'.
        Warning: Unknown child 'footprint' of 'kicad_pcb'.
        Warning: Unknown child 'footprint' of 'kicad_pcb'.
        Warning: Unknown child 'footprint' of 'kicad_pcb'.
        Warning: Unknown child 'footprint' of 'kicad_pcb'.
        Warning: Unknown child 'footprint' of 'kicad_pcb'.
        Warning: Unknown child 'footprint' of 'kicad_pcb'.
        Warning: Unknown child 'footprint' of 'kicad_pcb'.
        Warning: Unknown child 'footprint' of 'kicad_pcb'.
        Warning: Unknown child 'footprint' of 'kicad_pcb'.
        Warning: Unknown child 'footprint' of 'kicad_pcb'.
        Warning: Unknown child 'footprint' of 'kicad_pcb'.
        Warning: Unknown child 'footprint' of 'kicad_pcb'.
        Warning: Unknown child 'footprint' of 'kicad_pcb'.
        Warning: Unknown child 'footprint' of 'kicad_pcb'.
        Warning: Unknown child 'footprint' of 'kicad_pcb'.
        Warning: Unknown child 'footprint' of 'kicad_pcb'.
        Warning: Unknown child 'footprint' of 'kicad_pcb'.
        Warning: Unknown child 'footprint' of 'kicad_pcb'.
        Warning: Unknown child 'footprint' of 'kicad_pcb'.
        Warning: Unknown child 'footprint' of 'kicad_pcb'.
        Warning: Unknown child 'footprint' of 'kicad_pcb'.
        Warning: Unknown child 'footprint' of 'kicad_pcb'.
        Warning: Unknown child 'footprint' of 'kicad_pcb'.
        Warning: Unknown child 'footprint' of 'kicad_pcb'.
        Warning: Unknown child 'footprint' of 'kicad_pcb'.
        Warning: Unknown child 'footprint' of 'kicad_pcb'.
        Warning: Unknown child 'footprint' of 'kicad_pcb'.
        Warning: Unknown child 'footprint' of 'kicad_pcb'.
        Warning: Unknown child 'footprint' of 'kicad_pcb'.
        Warning: Unknown child 'footprint' of 'kicad_pcb'.
        Warning: Unknown child 'footprint' of 'kicad_pcb'.
        Warning: Unknown child 'footprint' of 'kicad_pcb'.
        Warning: Unknown child 'footprint' of 'kicad_pcb'.
        Warning: Unknown child 'footprint' of 'kicad_pcb'.
        Warning: Unknown child 'footprint' of 'kicad_pcb'.
        Warning: Unknown child 'footprint' of 'kicad_pcb'.
        Warning: Unknown child 'footprint' of 'kicad_pcb'.
        Warning: Unknown child 'footprint' of 'kicad_pcb'.
        Warning: Unknown child 'footprint' of 'kicad_pcb'.
        Warning: Unknown child 'footprint' of 'kicad_pcb'.
        Warning: Unknown child 'footprint' of 'kicad_pcb'.
        Warning: Unknown child 'footprint' of 'kicad_pcb'.
        Warning: Unknown child 'footprint' of 'kicad_pcb'.
        Warning: Unknown child 'footprint' of 'kicad_pcb'.
        Warning: Unknown child 'footprint' of 'kicad_pcb'.
        Warning: Unknown child 'footprint' of 'kicad_pcb'.
        Warning: Unknown child 'footprint' of 'kicad_pcb'.
        Warning: Unknown child 'footprint' of 'kicad_pcb'.
        Warning: Unknown child 'footprint' of 'kicad_pcb'.
        Warning: Unknown child 'footprint' of 'kicad_pcb'.
        Warning: Unknown child 'footprint' of 'kicad_pcb'.
        Warning: Unknown child 'footprint' of 'kicad_pcb'.
        Warning: Unknown child 'footprint' of 'kicad_pcb'.
        Warning: Unknown child 'footprint' of 'kicad_pcb'.
        Warning: Unknown child 'footprint' of 'kicad_pcb'.
        Warning: Unknown child 'footprint' of 'kicad_pcb'.
        Warning: Unknown child 'footprint' of 'kicad_pcb'.
        Warning: Unknown child type of dimension.
        Warning: Unknown child tstamp of dimension.
        Warning: Unknown child pts of dimension.
        Warning: Unknown child height of dimension.
        Warning: Unknown child format of dimension.
        Warning: Unknown child style of dimension.
        Warning: Unknown child type of dimension.
        Warning: Unknown child tstamp of dimension.
        Warning: Unknown child pts of dimension.
        Warning: Unknown child height of dimension.
        Warning: Unknown child format of dimension.
        Warning: Unknown child style of dimension.
        Warning: Unknown child free of via.
        Warning: Unknown child free of via.
        Warning: Unknown child free of via.
        Warning: Unknown child free of via.
        Warning: Unknown child free of via.
        Warning: Unknown child free of via.
        Warning: Unknown child free of via.
        Warning: Unknown child filled_areas_thickness of zone.
        Warning: Unknown child layer of filled_polygon.
        Warning: Unknown child layer of filled_polygon.
    EndSection
    Section : Import Document - C:\Users\Joss\Documents\RP2040_WildEDS\Hardware\KiCad\RP2040_WEDS-backups\RP2040_WEDS-2022-02-14_145055\Imported RP2040_WEDS\RP2040_WEDS.PcbDoc
        Error: Unexpected error during import of primitive Dimension '66.0000 mm': Dimension Feature1 is undefined..
    EndSection
